# JRE version: OpenJDK Runtime Environment (8.0_72-b15) (build 1.8.0_72-internal-b15)
# Java VM: OpenJDK 64-Bit Server VM (25.72-b15 mixed mode linux-amd64 compressed oops)
Heap:
 PSYoungGen      total 186880K, used 74133K [0x00000000d6f80000, 0x00000000e3200000, 0x0000000100000000)
  eden space 174592K, 37% used [0x00000000d6f80000,0x00000000daf11ab0,0x00000000e1a00000)
  from space 12288K, 73% used [0x00000000e2600000,0x00000000e2ed39d0,0x00000000e3200000)
  to   space 12288K, 0% used [0x00000000e1a00000,0x00000000e1a00000,0x00000000e2600000)
 ParOldGen       total 68096K, used 12227K [0x0000000084e00000, 0x0000000089080000, 0x00000000d6f80000)
  object space 68096K, 17% used [0x0000000084e00000,0x00000000859f0c20,0x0000000089080000)
 Metaspace       used 44051K, capacity 44966K, committed 45264K, reserved 1087488K
  class space    used 7231K, capacity 7400K, committed 7420K, reserved 1048576K
GC Heap History (10 events):
Event: 2.010 GC heap before
{Heap before GC invocations=6 (full 1):
 PSYoungGen      total 68608K, used 63488K [0x00000000d6f80000, 0x00000000db780000, 0x0000000100000000)
  eden space 63488K, 100% used [0x00000000d6f80000,0x00000000dad80000,0x00000000dad80000)
  from space 5120K, 0% used [0x00000000db280000,0x00000000db280000,0x00000000db780000)
  to   space 5120K, 0% used [0x00000000dad80000,0x00000000dad80000,0x00000000db280000)
 ParOldGen       total 44544K, used 4278K [0x0000000084e00000, 0x0000000087980000, 0x00000000d6f80000)
  object space 44544K, 9% used [0x0000000084e00000,0x000000008522d898,0x0000000087980000)
 Metaspace       used 31337K, capacity 31554K, committed 31740K, reserved 1077248K
  class space    used 4490K, capacity 4598K, committed 4604K, reserved 1048576K
Event: 2.019 GC heap after
Heap after GC invocations=6 (full 1):
 PSYoungGen      total 68608K, used 5104K [0x00000000d6f80000, 0x00000000df400000, 0x0000000100000000)
  eden space 63488K, 0% used [0x00000000d6f80000,0x00000000d6f80000,0x00000000dad80000)
  from space 5120K, 99% used [0x00000000dad80000,0x00000000db27c190,0x00000000db280000)
  to   space 10240K, 0% used [0x00000000dea00000,0x00000000dea00000,0x00000000df400000)
 ParOldGen       total 44544K, used 8192K [0x0000000084e00000, 0x0000000087980000, 0x00000000d6f80000)
  object space 44544K, 18% used [0x0000000084e00000,0x0000000085600198,0x0000000087980000)
 Metaspace       used 31337K, capacity 31554K, committed 31740K, reserved 1077248K
  class space    used 4490K, capacity 4598K, committed 4604K, reserved 1048576K
}
Event: 2.514 GC heap before
{Heap before GC invocations=7 (full 1):
 PSYoungGen      total 68608K, used 33949K [0x00000000d6f80000, 0x00000000df400000, 0x0000000100000000)
  eden space 63488K, 45% used [0x00000000d6f80000,0x00000000d8bab628,0x00000000dad80000)
  from space 5120K, 99% used [0x00000000dad80000,0x00000000db27c190,0x00000000db280000)
  to   space 10240K, 0% used [0x00000000dea00000,0x00000000dea00000,0x00000000df400000)
 ParOldGen       total 44544K, used 8192K [0x0000000084e00000, 0x0000000087980000, 0x00000000d6f80000)
  object space 44544K, 18% used [0x0000000084e00000,0x0000000085600198,0x0000000087980000)
 Metaspace       used 35409K, capacity 35674K, committed 36048K, reserved 1079296K
  class space    used 5520K, capacity 5628K, committed 5628K, reserved 1048576K
Event: 2.533 GC heap after
Heap after GC invocations=7 (full 1):
 PSYoungGen      total 123392K, used 7235K [0x00000000d6f80000, 0x00000000df300000, 0x0000000100000000)
  eden space 114176K, 0% used [0x00000000d6f80000,0x00000000d6f80000,0x00000000ddf00000)
  from space 9216K, 78% used [0x00000000dea00000,0x00000000df110de0,0x00000000df300000)
  to   space 10240K, 0% used [0x00000000ddf00000,0x00000000ddf00000,0x00000000de900000)
 ParOldGen       total 44544K, used 8200K [0x0000000084e00000, 0x0000000087980000, 0x00000000d6f80000)
  object space 44544K, 18% used [0x0000000084e00000,0x0000000085602198,0x0000000087980000)
 Metaspace       used 35409K, capacity 35674K, committed 36048K, reserved 1079296K
  class space    used 5520K, capacity 5628K, committed 5628K, reserved 1048576K
}
Event: 2.533 GC heap before
{Heap before GC invocations=8 (full 2):
 PSYoungGen      total 123392K, used 7235K [0x00000000d6f80000, 0x00000000df300000, 0x0000000100000000)
  eden space 114176K, 0% used [0x00000000d6f80000,0x00000000d6f80000,0x00000000ddf00000)
  from space 9216K, 78% used [0x00000000dea00000,0x00000000df110de0,0x00000000df300000)
  to   space 10240K, 0% used [0x00000000ddf00000,0x00000000ddf00000,0x00000000de900000)
 ParOldGen       total 44544K, used 8200K [0x0000000084e00000, 0x0000000087980000, 0x00000000d6f80000)
  object space 44544K, 18% used [0x0000000084e00000,0x0000000085602198,0x0000000087980000)
 Metaspace       used 35409K, capacity 35674K, committed 36048K, reserved 1079296K
  class space    used 5520K, capacity 5628K, committed 5628K, reserved 1048576K
Event: 2.607 GC heap after
Heap after GC invocations=8 (full 2):
 PSYoungGen      total 123392K, used 0K [0x00000000d6f80000, 0x00000000df300000, 0x0000000100000000)
  eden space 114176K, 0% used [0x00000000d6f80000,0x00000000d6f80000,0x00000000ddf00000)
  from space 9216K, 0% used [0x00000000dea00000,0x00000000dea00000,0x00000000df300000)
  to   space 10240K, 0% used [0x00000000ddf00000,0x00000000ddf00000,0x00000000de900000)
 ParOldGen       total 68096K, used 10970K [0x0000000084e00000, 0x0000000089080000, 0x00000000d6f80000)
  object space 68096K, 16% used [0x0000000084e00000,0x00000000858b6b18,0x0000000089080000)
 Metaspace       used 35405K, capacity 35668K, committed 36048K, reserved 1079296K
  class space    used 5520K, capacity 5626K, committed 5628K, reserved 1048576K
}
Event: 4.152 GC heap before
{Heap before GC invocations=9 (full 2):
 PSYoungGen      total 123392K, used 114176K [0x00000000d6f80000, 0x00000000df300000, 0x0000000100000000)
  eden space 114176K, 100% used [0x00000000d6f80000,0x00000000ddf00000,0x00000000ddf00000)
  from space 9216K, 0% used [0x00000000dea00000,0x00000000dea00000,0x00000000df300000)
  to   space 10240K, 0% used [0x00000000ddf00000,0x00000000ddf00000,0x00000000de900000)
 ParOldGen       total 68096K, used 10970K [0x0000000084e00000, 0x0000000089080000, 0x00000000d6f80000)
  object space 68096K, 16% used [0x0000000084e00000,0x00000000858b6b18,0x0000000089080000)
 Metaspace       used 40960K, capacity 41526K, committed 41936K, reserved 1083392K
  class space    used 6986K, capacity 7091K, committed 7164K, reserved 1048576K
Event: 4.166 GC heap after
Heap after GC invocations=9 (full 2):
 PSYoungGen      total 124416K, used 10237K [0x00000000d6f80000, 0x00000000e3200000, 0x0000000100000000)
  eden space 114176K, 0% used [0x00000000d6f80000,0x00000000d6f80000,0x00000000ddf00000)
  from space 10240K, 99% used [0x00000000ddf00000,0x00000000de8ff730,0x00000000de900000)
  to   space 12288K, 0% used [0x00000000e2600000,0x00000000e2600000,0x00000000e3200000)
 ParOldGen       total 68096K, used 12219K [0x0000000084e00000, 0x0000000089080000, 0x00000000d6f80000)
  object space 68096K, 17% used [0x0000000084e00000,0x00000000859eec20,0x0000000089080000)
 Metaspace       used 40960K, capacity 41526K, committed 41936K, reserved 1083392K
  class space    used 6986K, capacity 7091K, committed 7164K, reserved 1048576K
}
Event: 4.603 GC heap before
{Heap before GC invocations=10 (full 2):
 PSYoungGen      total 124416K, used 124413K [0x00000000d6f80000, 0x00000000e3200000, 0x0000000100000000)
  eden space 114176K, 100% used [0x00000000d6f80000,0x00000000ddf00000,0x00000000ddf00000)
  from space 10240K, 99% used [0x00000000ddf00000,0x00000000de8ff730,0x00000000de900000)
  to   space 12288K, 0% used [0x00000000e2600000,0x00000000e2600000,0x00000000e3200000)
 ParOldGen       total 68096K, used 12219K [0x0000000084e00000, 0x0000000089080000, 0x00000000d6f80000)
  object space 68096K, 17% used [0x0000000084e00000,0x00000000859eec20,0x0000000089080000)
 Metaspace       used 41592K, capacity 42356K, committed 42704K, reserved 1085440K
  class space    used 7024K, capacity 7133K, committed 7164K, reserved 1048576K
Event: 4.625 GC heap after
Heap after GC invocations=10 (full 2):
 PSYoungGen      total 186880K, used 9038K [0x00000000d6f80000, 0x00000000e3200000, 0x0000000100000000)
  eden space 174592K, 0% used [0x00000000d6f80000,0x00000000d6f80000,0x00000000e1a00000)
  from space 12288K, 73% used [0x00000000e2600000,0x00000000e2ed39d0,0x00000000e3200000)
  to   space 12288K, 0% used [0x00000000e1a00000,0x00000000e1a00000,0x00000000e2600000)
 ParOldGen       total 68096K, used 12227K [0x0000000084e00000, 0x0000000089080000, 0x00000000d6f80000)
  object space 68096K, 17% used [0x0000000084e00000,0x00000000859f0c20,0x0000000089080000)
 Metaspace       used 41592K, capacity 42356K, committed 42704K, reserved 1085440K
  class space    used 7024K, capacity 7133K, committed 7164K, reserved 1048576K
}

